<?xml version="1.0" encoding="UTF-8"?>
<testsuite name="org.example.cloud.auth.CloudCredentialFactoryTest" tests="1" skipped="0" failures="0" errors="0" timestamp="2022-10-13T13:16:15" hostname="baggeontaeui-MacBookPro.local" time="0.02">
  <properties/>
  <testcase name="cloudCredentialKeyIsNull()" classname="org.example.cloud.auth.CloudCredentialFactoryTest" time="0.02"/>
  <system-out><![CDATA[]]></system-out>
  <system-err><![CDATA[]]></system-err>
</testsuite>
